[2020-11-07 20:57:49] main.INFO: info [] []
[2020-11-07 20:57:49] main.NOTICE: notice [] []
[2020-11-07 20:57:49] main.DEBUG: debug [] []
[2020-11-07 20:57:49] main.WARNING: warning [] []
[2020-11-07 20:57:49] main.ALERT: alert [] []
[2020-11-07 20:57:49] main.ERROR: error [] []
[2020-11-07 20:57:49] main.EMERGENCY: emergency [] []
[2020-11-07 20:57:49] main.DEBUG: 0.186659 [] []
[2020-11-07 21:01:17] main.INFO: info [] []
[2020-11-07 21:01:17] main.NOTICE: notice [] []
[2020-11-07 21:01:17] main.DEBUG: debug [] []
[2020-11-07 21:01:17] main.WARNING: warning [] []
[2020-11-07 21:01:17] main.ALERT: alert [] []
[2020-11-07 21:01:17] main.ERROR: error [] []
[2020-11-07 21:01:17] main.EMERGENCY: emergency [] []
[2020-11-07 21:01:17] main.DEBUG: 0 [] []
[2020-11-07 21:04:11] main.INFO: info [] []
[2020-11-07 21:04:11] main.NOTICE: notice [] []
[2020-11-07 21:04:11] main.DEBUG: debug [] []
[2020-11-07 21:04:11] main.WARNING: warning [] []
[2020-11-07 21:04:11] main.ALERT: alert [] []
[2020-11-07 21:04:11] main.ERROR: error [] []
[2020-11-07 21:04:11] main.EMERGENCY: emergency [] []
[2020-11-07 21:04:11] main.DEBUG: 0 [] []
[2020-11-07 21:06:34] main.INFO: info [] []
[2020-11-07 21:06:34] main.NOTICE: notice [] []
[2020-11-07 21:06:34] main.DEBUG: debug [] []
[2020-11-07 21:06:34] main.WARNING: warning [] []
[2020-11-07 21:06:34] main.ALERT: alert [] []
[2020-11-07 21:06:34] main.ERROR: error [] []
[2020-11-07 21:06:34] main.EMERGENCY: emergency [] []
[2020-11-07 21:06:34] main.DEBUG: 0.016625 [] []
[2020-11-07 21:06:34] main.DEBUG: 636248 [] []
[2020-11-07 21:14:39] main.INFO: info [] []
[2020-11-07 21:14:39] main.NOTICE: notice [] []
[2020-11-07 21:14:39] main.DEBUG: debug [] []
[2020-11-07 21:14:39] main.WARNING: warning [] []
[2020-11-07 21:14:39] main.ALERT: alert [] []
[2020-11-07 21:14:39] main.ERROR: error [] []
[2020-11-07 21:14:39] main.EMERGENCY: emergency [] []
[2020-11-07 21:14:39] main.DEBUG: 0.006513 [] []
[2020-11-07 21:14:39] main.DEBUG: 636320 [] []
[2020-11-07 21:33:00] main.INFO: info [] []
[2020-11-07 21:33:00] main.NOTICE: notice [] []
[2020-11-07 21:33:00] main.DEBUG: debug [] []
[2020-11-07 21:33:00] main.WARNING: warning [] []
[2020-11-07 21:33:00] main.ALERT: alert [] []
[2020-11-07 21:33:00] main.ERROR: error [] []
[2020-11-07 21:33:00] main.EMERGENCY: emergency [] []
[2020-11-07 21:33:00] main.DEBUG: 0 [] []
[2020-11-07 21:33:00] main.DEBUG: 636216 [] []
[2020-11-07 21:36:38] main.INFO: info [] []
[2020-11-07 21:36:38] main.NOTICE: notice [] []
[2020-11-07 21:36:38] main.DEBUG: debug [] []
[2020-11-07 21:36:38] main.WARNING: warning [] []
[2020-11-07 21:36:38] main.ALERT: alert [] []
[2020-11-07 21:36:38] main.ERROR: error [] []
[2020-11-07 21:36:38] main.EMERGENCY: emergency [] []
[2020-11-07 21:36:38] main.DEBUG: 0 [] []
[2020-11-07 21:36:38] main.DEBUG: 636216 [] []
[2020-11-07 21:42:55] main.INFO: info [] []
[2020-11-07 21:42:55] main.NOTICE: notice [] []
[2020-11-07 21:42:55] main.DEBUG: debug [] []
[2020-11-07 21:42:55] main.WARNING: warning [] []
[2020-11-07 21:42:55] main.ALERT: alert [] []
[2020-11-07 21:42:55] main.ERROR: error [] []
[2020-11-07 21:42:55] main.EMERGENCY: emergency [] []
[2020-11-07 21:42:55] main.DEBUG: 0 [] []
[2020-11-07 21:42:55] main.DEBUG: 703296 [] []
